c:\users\milittle\source\repos\gaitui\gaitui\x64\release\mythread.obj
c:\users\milittle\source\repos\gaitui\gaitui\x64\release\mydialog.obj
c:\users\milittle\source\repos\gaitui\gaitui\x64\release\matchimage.obj
c:\users\milittle\source\repos\gaitui\gaitui\x64\release\main.obj
c:\users\milittle\source\repos\gaitui\gaitui\x64\release\moc_mydialog.obj
c:\users\milittle\source\repos\gaitui\gaitui\x64\release\moc_gaitui.obj
c:\users\milittle\source\repos\gaitui\gaitui\x64\release\gaitui.obj
c:\users\milittle\source\repos\gaitui\gaitui\x64\release\fileuploader.obj
c:\users\milittle\source\repos\gaitui\gaitui\x64\release\dealing.obj
c:\users\milittle\source\repos\gaitui\gaitui\x64\release\qrc_gaitui.obj
c:\users\milittle\source\repos\gaitui\gaitui\generatedfiles\release\moc_gaitui.cpp
c:\users\milittle\source\repos\gaitui\gaitui\generatedfiles\ui_gaitui.h
c:\users\milittle\source\repos\gaitui\gaitui\generatedfiles\release\moc_mydialog.cpp
c:\users\milittle\source\repos\gaitui\gaitui\generatedfiles\qrc_gaitui.cpp
c:\users\milittle\source\repos\gaitui\x64\release\gaitui.lib
c:\users\milittle\source\repos\gaitui\x64\release\gaitui.exp
c:\users\milittle\source\repos\gaitui\x64\release\gaitui.exe
c:\users\milittle\source\repos\gaitui\gaitui\x64\release\gaitui.res
c:\users\milittle\source\repos\gaitui\gaitui\x64\release\gaitui.tlog\cl.command.1.tlog
c:\users\milittle\source\repos\gaitui\gaitui\x64\release\gaitui.tlog\cl.read.1.tlog
c:\users\milittle\source\repos\gaitui\gaitui\x64\release\gaitui.tlog\cl.write.1.tlog
c:\users\milittle\source\repos\gaitui\gaitui\x64\release\gaitui.tlog\custombuild.command.1.tlog
c:\users\milittle\source\repos\gaitui\gaitui\x64\release\gaitui.tlog\custombuild.read.1.tlog
c:\users\milittle\source\repos\gaitui\gaitui\x64\release\gaitui.tlog\custombuild.write.1.tlog
c:\users\milittle\source\repos\gaitui\gaitui\x64\release\gaitui.tlog\gaitui.write.1u.tlog
c:\users\milittle\source\repos\gaitui\gaitui\x64\release\gaitui.tlog\link.command.1.tlog
c:\users\milittle\source\repos\gaitui\gaitui\x64\release\gaitui.tlog\link.read.1.tlog
c:\users\milittle\source\repos\gaitui\gaitui\x64\release\gaitui.tlog\link.write.1.tlog
c:\users\milittle\source\repos\gaitui\gaitui\x64\release\gaitui.tlog\rc.command.1.tlog
c:\users\milittle\source\repos\gaitui\gaitui\x64\release\gaitui.tlog\rc.read.1.tlog
c:\users\milittle\source\repos\gaitui\gaitui\x64\release\gaitui.tlog\rc.write.1.tlog
