c:\users\mizes\source\repos\gaitui\gaitui\x64\debugdynamic\gaitui.pdb
c:\users\mizes\source\repos\gaitui\gaitui\x64\debugdynamic\main.obj
c:\users\mizes\source\repos\gaitui\gaitui\x64\debugdynamic\moc_gaitui.obj
c:\users\mizes\source\repos\gaitui\gaitui\x64\debugdynamic\gaitui.obj
c:\users\mizes\source\repos\gaitui\gaitui\x64\debugdynamic\fileuploader.obj
c:\users\mizes\source\repos\gaitui\gaitui\x64\debugdynamic\qrc_gaitui.obj
c:\users\mizes\source\repos\gaitui\gaitui\generatedfiles\debugdynamic\moc_gaitui.cpp
c:\users\mizes\source\repos\gaitui\gaitui\generatedfiles\ui_gaitui.h
c:\users\mizes\source\repos\gaitui\gaitui\generatedfiles\qrc_gaitui.cpp
c:\users\mizes\source\repos\gaitui\x64\debugdynamic\gaitui.lib
c:\users\mizes\source\repos\gaitui\gaitui\x64\debugdynamic\gaitui.res
c:\users\mizes\source\repos\gaitui\gaitui\x64\debugdynamic\gaitui.tlog\cl.command.1.tlog
c:\users\mizes\source\repos\gaitui\gaitui\x64\debugdynamic\gaitui.tlog\cl.read.1.tlog
c:\users\mizes\source\repos\gaitui\gaitui\x64\debugdynamic\gaitui.tlog\cl.write.1.tlog
c:\users\mizes\source\repos\gaitui\gaitui\x64\debugdynamic\gaitui.tlog\custombuild.command.1.tlog
c:\users\mizes\source\repos\gaitui\gaitui\x64\debugdynamic\gaitui.tlog\custombuild.read.1.tlog
c:\users\mizes\source\repos\gaitui\gaitui\x64\debugdynamic\gaitui.tlog\custombuild.write.1.tlog
c:\users\mizes\source\repos\gaitui\gaitui\x64\debugdynamic\gaitui.tlog\lib-link-cvtres.read.1.tlog
c:\users\mizes\source\repos\gaitui\gaitui\x64\debugdynamic\gaitui.tlog\lib-link-cvtres.write.1.tlog
c:\users\mizes\source\repos\gaitui\gaitui\x64\debugdynamic\gaitui.tlog\lib.command.1.tlog
c:\users\mizes\source\repos\gaitui\gaitui\x64\debugdynamic\gaitui.tlog\rc.command.1.tlog
c:\users\mizes\source\repos\gaitui\gaitui\x64\debugdynamic\gaitui.tlog\rc.read.1.tlog
c:\users\mizes\source\repos\gaitui\gaitui\x64\debugdynamic\gaitui.tlog\rc.write.1.tlog
