c:\users\milittle\source\repos\gaitui\gaitui\x64\debug\vc141.pdb
c:\users\milittle\source\repos\gaitui\gaitui\x64\debug\myevent.obj
c:\users\milittle\source\repos\gaitui\gaitui\x64\debug\mydialog.obj
c:\users\milittle\source\repos\gaitui\gaitui\x64\debug\matchimage.obj
c:\users\milittle\source\repos\gaitui\gaitui\x64\debug\main.obj
c:\users\milittle\source\repos\gaitui\gaitui\x64\debug\moc_mythread.obj
c:\users\milittle\source\repos\gaitui\gaitui\x64\debug\moc_mydialog.obj
c:\users\milittle\source\repos\gaitui\gaitui\x64\debug\moc_matchimage.obj
c:\users\milittle\source\repos\gaitui\gaitui\x64\debug\moc_gaitui.obj
c:\users\milittle\source\repos\gaitui\gaitui\x64\debug\gaitui.obj
c:\users\milittle\source\repos\gaitui\gaitui\x64\debug\fileuploader.obj
c:\users\milittle\source\repos\gaitui\gaitui\x64\debug\dealing.obj
c:\users\milittle\source\repos\gaitui\gaitui\generatedfiles\debug\moc_gaitui.cpp
c:\users\milittle\source\repos\gaitui\gaitui\generatedfiles\ui_gaitui.h
c:\users\milittle\source\repos\gaitui\gaitui\generatedfiles\debug\moc_matchimage.cpp
c:\users\milittle\source\repos\gaitui\gaitui\generatedfiles\debug\moc_mydialog.cpp
c:\users\milittle\source\repos\gaitui\gaitui\generatedfiles\debug\moc_mythread.cpp
c:\users\milittle\source\repos\gaitui\gaitui\generatedfiles\qrc_gaitui.cpp
c:\users\milittle\source\repos\gaitui\gaitui\x64\debug\gaitui.tlog\cl.command.1.tlog
c:\users\milittle\source\repos\gaitui\gaitui\x64\debug\gaitui.tlog\cl.read.1.tlog
c:\users\milittle\source\repos\gaitui\gaitui\x64\debug\gaitui.tlog\cl.write.1.tlog
c:\users\milittle\source\repos\gaitui\gaitui\x64\debug\gaitui.tlog\custombuild.command.1.tlog
c:\users\milittle\source\repos\gaitui\gaitui\x64\debug\gaitui.tlog\custombuild.read.1.tlog
c:\users\milittle\source\repos\gaitui\gaitui\x64\debug\gaitui.tlog\custombuild.write.1.tlog
